<?xml version="1.0" encoding="UTF-8"?>
<testsuite name="ShooterTests" tests="1" skipped="0" failures="0" errors="0" timestamp="2020-08-13T02:58:42" hostname="ZEPHYRUSG14" time="0.002">
  <properties/>
  <testcase name="testHoodState()" classname="ShooterTests" time="0.002"/>
  <system-out><![CDATA[]]></system-out>
  <system-err><![CDATA[]]></system-err>
</testsuite>
